0 info it worked if it ends with ok
1 verbose cli [
1 verbose cli   'C:\\Program Files\\nodejs\\node.exe',
1 verbose cli   'C:\\Users\\my-fei0755\\AppData\\Roaming\\npm\\node_modules\\npm\\bin\\npm-cli.js',
1 verbose cli   'ls',
1 verbose cli   '--depth',
1 verbose cli   '0',
1 verbose cli   '--json'
1 verbose cli ]
2 info using npm@4.0.5
3 info using node@v14.16.0
4 verbose stack TypeError: cb.apply is not a function
4 verbose stack     at C:\Users\my-fei0755\AppData\Roaming\npm\node_modules\npm\node_modules\graceful-fs\polyfills.js:287:18
4 verbose stack     at FSReqCallback.oncomplete (fs.js:184:5)
5 verbose cwd e:\lagou\nuyoah-pages
6 error Windows_NT 10.0.18363
7 error argv "C:\\Program Files\\nodejs\\node.exe" "C:\\Users\\my-fei0755\\AppData\\Roaming\\npm\\node_modules\\npm\\bin\\npm-cli.js" "ls" "--depth" "0" "--json"
8 error node v14.16.0
9 error npm  v4.0.5
10 error cb.apply is not a function
11 error If you need help, you may report this error at:
11 error     <https://github.com/npm/npm/issues>
12 verbose exit [ 1, true ]
